05 mrt 2017 16:36 ERROR SessionParser:127 - Cannot parse URL: http://www.google;com/
05 mrt 2017 16:36 ERROR SessionParser:108 - Proxylog_2016-12-05.log is not a valid Session Logfile filename.
05 mrt 2017 16:36 ERROR SessionParser:100 - ProxyLog_2016-13-05.log - Filename does not contain a valid date (yyyy-MM-dd).
05 mrt 2017 16:36 ERROR SessionParser:108 - ProxyLog_2016-12-05.txt is not a valid Session Logfile filename.
05 mrt 2017 16:36 ERROR VisitParser:96 - Localhost_access_log.2017-01-07.txt is not a valid Visit Logfile filename.
05 mrt 2017 16:36 ERROR VisitParser:88 - localhost_access_log.2017-01-32.txt - Filename does not contain a valid date (yyyy-MM-dd).
05 mrt 2017 16:36 ERROR VisitParser:88 - localhost_access_log.2017 01 07.txt - Filename does not contain a valid date (yyyy-MM-dd).
05 mrt 2017 16:36 ERROR VisitParser:96 - localhost_access_log.2017-01-07.log is not a valid Visit Logfile filename.
05 mrt 2017 16:36 ERROR VisitParser:88 - localhost_access_log.log.2017-01-07.txt - Filename does not contain a valid date (yyyy-MM-dd).
11 mrt 2017 14:23 ERROR SessionParser:126 - Cannot parse URL: http://www.google;com/
11 mrt 2017 14:23 ERROR SessionParser:107 - Proxylog_2016-12-05.log is not a valid Session Logfile filename.
11 mrt 2017 14:23 ERROR SessionParser:99 - ProxyLog_2016-13-05.log - Filename does not contain a valid date (yyyy-MM-dd).
11 mrt 2017 14:23 ERROR SessionParser:107 - ProxyLog_2016-12-05.txt is not a valid Session Logfile filename.
11 mrt 2017 14:23 ERROR VisitParser:92 - Localhost_access_log.2017-01-07.txt is not a valid Visit Logfile filename.
11 mrt 2017 14:23 ERROR VisitParser:84 - localhost_access_log.2017-01-32.txt - Filename does not contain a valid date (yyyy-MM-dd).
11 mrt 2017 14:23 ERROR VisitParser:84 - localhost_access_log.2017 01 07.txt - Filename does not contain a valid date (yyyy-MM-dd).
11 mrt 2017 14:23 ERROR VisitParser:92 - localhost_access_log.2017-01-07.log is not a valid Visit Logfile filename.
11 mrt 2017 14:23 ERROR VisitParser:84 - localhost_access_log.log.2017-01-07.txt - Filename does not contain a valid date (yyyy-MM-dd).
30 apr 2017 18:45 ERROR SessionParser:89 - Cannot parse URL: http://www.google;com/
30 apr 2017 18:51 ERROR SessionParser:89 - Cannot parse URL: http://www.google;com/
30 apr 2017 20:20 ERROR SessionParser:89 - Cannot parse URL: http://www.google;com/
30 apr 2017 20:35 ERROR SessionParser:89 - Cannot parse URL: http://www.google;com/
30 apr 2017 20:35 ERROR SessionParser:89 - Cannot parse URL: http://www.google;com/
30 apr 2017 20:36 ERROR SessionParser:89 - Cannot parse URL: http://www.google;com/
30 apr 2017 20:37 ERROR SessionParser:89 - Cannot parse URL: http://www.google;com/
30 apr 2017 20:38 ERROR SessionParser:89 - Cannot parse URL: http://www.google;com/
30 apr 2017 20:39 ERROR SessionParser:89 - Cannot parse URL: http://www.google;com/
30 apr 2017 20:39 ERROR SessionParser:89 - Cannot parse URL: http://www.google;com/
30 apr 2017 20:45 ERROR SessionParser:89 - Cannot parse URL: http://www.google;com/
30 apr 2017 20:58 ERROR SessionParser:89 - Cannot parse URL: http://www.google;com/
30 apr 2017 21:01 ERROR SessionParser:89 - Cannot parse URL: http://www.google;com/
30 apr 2017 21:03 ERROR SessionParser:89 - Cannot parse URL: http://www.google;com/
30 apr 2017 21:04 ERROR SessionParser:89 - Cannot parse URL: http://www.google;com/
30 apr 2017 21:07 ERROR SessionParser:89 - Cannot parse URL: http://www.google;com/
30 apr 2017 21:10 ERROR SessionParser:92 - Cannot parse URL: http://www.google;com/
30 apr 2017 21:12 ERROR SessionParser:92 - Cannot parse URL: http://www.google;com/
30 apr 2017 21:14 ERROR SessionParser:92 - Cannot parse URL: http://www.google;com/
30 apr 2017 21:17 ERROR SessionParser:92 - Cannot parse URL: http://www.google;com/
30 apr 2017 21:18 ERROR SessionParser:91 - Cannot parse URL: http://www.google;com/
30 apr 2017 21:18 ERROR SessionParser:91 - Cannot parse URL: http://www.google;com/
01 mei 2017 11:32 ERROR SessionParser:90 - Cannot parse URL: http://www.google;com/
01 mei 2017 11:33 ERROR SessionParser:90 - Cannot parse URL: http://www.google;com/
01 mei 2017 16:25 ERROR SessionParser:91 - Cannot parse URL: http://www.google;com/
01 mei 2017 20:40 ERROR SessionParser:91 - Cannot parse URL: http://www.google;com/
01 mei 2017 20:40 DEBUG SessionParser:70 - Parsed logfile ProxyLog_2017-01-17.log: 6 sessions.
01 mei 2017 21:03 ERROR ParseFactory:40 - Proxylog_2016-12-05.log is not a valid Session Logfile filename.
01 mei 2017 21:03 ERROR Regex:31 - ProxyLog_2016-13-05.log - Filename does not contain a valid date (yyyy-MM-dd).
01 mei 2017 21:03 ERROR ParseFactory:40 - ProxyLog_2016-12-05.txt is not a valid Session Logfile filename.
01 mei 2017 21:03 ERROR ParseFactory:64 - Localhost_access_log.2017-01-07.txt is not a valid Visit Logfile filename.
01 mei 2017 21:03 ERROR Regex:31 - localhost_access_log.2017-01-32.txt - Filename does not contain a valid date (yyyy-MM-dd).
01 mei 2017 21:03 ERROR Regex:31 - localhost_access_log.2017 01 07.txt - Filename does not contain a valid date (yyyy-MM-dd).
01 mei 2017 21:03 ERROR ParseFactory:64 - localhost_access_log.2017-01-07.log is not a valid Visit Logfile filename.
01 mei 2017 21:16 ERROR ParseFactory:67 - Localhost_access_log.2017-01-07.txt is not a valid Visit Logfile filename.
01 mei 2017 21:16 ERROR Regex:31 - localhost_access_log.2017-01-32.txt - Filename does not contain a valid date (yyyy-MM-dd).
01 mei 2017 21:16 ERROR Regex:31 - localhost_access_log.2017 01 07.txt - Filename does not contain a valid date (yyyy-MM-dd).
01 mei 2017 21:16 ERROR ParseFactory:67 - localhost_access_log.2017-01-07.log is not a valid Visit Logfile filename.
01 mei 2017 21:21 DEBUG ParseFactory:61 - localhost_access_log.2017-01-07.txt is  a valid Visit Logfile filename.
01 mei 2017 21:21 ERROR ParseFactory:65 - Localhost_access_log.2017-01-07.txt is not a valid Visit Logfile filename.
01 mei 2017 21:21 ERROR Regex:31 - localhost_access_log.2017-01-32.txt - Filename does not contain a valid date (yyyy-MM-dd).
01 mei 2017 21:21 ERROR Regex:31 - localhost_access_log.2017 01 07.txt - Filename does not contain a valid date (yyyy-MM-dd).
01 mei 2017 21:21 ERROR ParseFactory:65 - localhost_access_log.2017-01-07.log is not a valid Visit Logfile filename.
01 mei 2017 21:21 DEBUG ParseFactory:61 - localhost_access_log.log.2017-01-07.txt is  a valid Visit Logfile filename.
01 mei 2017 21:26 DEBUG ParseFactory:62 - localhost_access_log.2017-01-07.txt is a valid Visit Logfile filename.
01 mei 2017 21:26 ERROR ParseFactory:66 - Localhost_access_log.2017-01-07.txt is not a valid Visit Logfile filename.
01 mei 2017 21:26 ERROR Regex:29 - 2017-01-32 is not contain a valid date (yyyy-MM-dd).
01 mei 2017 21:26 ERROR Regex:29 - 2017 01 07 is not contain a valid date (yyyy-MM-dd).
01 mei 2017 21:26 ERROR ParseFactory:66 - localhost_access_log.2017-01-07.log is not a valid Visit Logfile filename.
01 mei 2017 21:26 ERROR Regex:29 - log.2017-01-07 is not contain a valid date (yyyy-MM-dd).
01 mei 2017 21:27 DEBUG ParseFactory:38 - ProxyLog_2016-12-05.log is a valid Session Logfile filename.
01 mei 2017 21:27 ERROR ParseFactory:42 - Proxylog_2016-12-05.log is not a valid Session Logfile filename.
01 mei 2017 21:27 ERROR Regex:29 - 2016-13-05 is not contain a valid date (yyyy-MM-dd).
01 mei 2017 21:27 ERROR ParseFactory:42 - ProxyLog_2016-12-05.txt is not a valid Session Logfile filename.
01 mei 2017 21:28 DEBUG ParseFactory:38 - ProxyLog_2016-12-05.log is a valid Session Logfile filename.
01 mei 2017 21:28 ERROR ParseFactory:42 - Proxylog_2016-12-05.log is not a valid Session Logfile filename.
01 mei 2017 21:28 ERROR Regex:29 - 2016-13-05 is not a valid date or incorrect format (yyyy-MM-dd).
01 mei 2017 21:28 ERROR ParseFactory:42 - ProxyLog_2016-12-05.txt is not a valid Session Logfile filename.
07 mei 2017 14:25 DEBUG ParseFactory:38 - ProxyLog_2017-01-17.log is a valid Session Logfile filename.
07 mei 2017 14:25 ERROR Regex:29 - log.2016-12-06 is not a valid date or has incorrect format (yyyy-MM-dd).
07 mei 2017 14:25 DEBUG ParseFactory:63 - localhost_access_log.2016-12-06.txt is a valid Visit Logfile filename.
07 mei 2017 14:25 ERROR ParseFactory:25 - Unknown.filetype is not a valid Session Logfile filename.
07 mei 2017 14:25 ERROR ParseFactory:50 - Unknown.filetype is not a valid Visit Logfile filename.
07 mei 2017 14:25 ERROR ParseFactory:17 - Unable to get parse type of Unknown.filetype
07 mei 2017 14:26 DEBUG ParseFactory:63 - localhost_access_log.2017-01-07.txt is a valid Visit Logfile filename.
07 mei 2017 14:26 ERROR ParseFactory:67 - Localhost_access_log.2017-01-07.txt is not a valid Visit Logfile filename.
07 mei 2017 14:26 ERROR Regex:29 - 2017-01-32 is not a valid date or has incorrect format (yyyy-MM-dd).
07 mei 2017 14:26 ERROR Regex:29 - 2017 01 07 is not a valid date or has incorrect format (yyyy-MM-dd).
07 mei 2017 14:26 ERROR ParseFactory:67 - localhost_access_log.2017-01-07.log is not a valid Visit Logfile filename.
07 mei 2017 14:26 ERROR Regex:29 - log.2017-01-07 is not a valid date or has incorrect format (yyyy-MM-dd).
07 mei 2017 14:28 DEBUG ParseFactory:38 - ProxyLog_2017-01-17.log is a valid Session Logfile filename.
07 mei 2017 14:28 ERROR Regex:29 - log.2016-12-06 is not a valid date or has incorrect format (yyyy-MM-dd).
07 mei 2017 14:28 DEBUG ParseFactory:63 - localhost_access_log.2016-12-06.txt is a valid Visit Logfile filename.
07 mei 2017 14:28 ERROR ParseFactory:25 - Unknown.filetype is not a valid Session Logfile filename.
07 mei 2017 14:28 ERROR ParseFactory:50 - Unknown.filetype is not a valid Visit Logfile filename.
07 mei 2017 14:28 ERROR ParseFactory:17 - Unable to get parse type of Unknown.filetype
