18 feb 2017 22:18 ERROR SessionParser:68 - ProxyLog_2016-13-05.log does not contain a valid date (yyyy-MM-dd).
18 feb 2017 23:47 ERROR SessionParser:70 - ProxyLog_2016-13-05.log does not contain a valid date (yyyy-MM-dd).
18 feb 2017 23:49 ERROR SessionParser:70 - ProxyLog_2016-13-05.log - Filename does not contain a valid date (yyyy-MM-dd).
18 feb 2017 23:53 ERROR SessionParser:73 - ProxyLog_2016-13-05.log - Filename does not contain a valid date (yyyy-MM-dd).
19 feb 2017 22:28 ERROR SessionParser:78 - Unable to parse "D:\Documents\2 Graduaat Informatica\3e jaar\B1 Programmeren 3\Eindwerk\input\ProxyLog_2017-01-17.log"
19 feb 2017 22:31 ERROR SessionParser:78 - Unable to parse "D:\Documents\2 Graduaat Informatica\3e jaar\B1 Programmeren 3\Eindwerk\input\ProxyLog_2017-01-17.log"
19 feb 2017 22:35 ERROR SessionParser:102 - ProxyLog_2016-13-05.log - Filename does not contain a valid date (yyyy-MM-dd).
19 feb 2017 22:36 ERROR SessionParser:102 - ProxyLog_2016-13-05.log - Filename does not contain a valid date (yyyy-MM-dd).
19 feb 2017 22:37 ERROR SessionParser:101 - ProxyLog_2016-13-05.log - Filename does not contain a valid date (yyyy-MM-dd).
19 feb 2017 22:37 ERROR SessionParser:74 - Unable to read ProxyLog_2017-01-17.log
19 feb 2017 22:40 ERROR SessionParser:117 - Cannot parse logline: 10.120.230.78	DOM1/HKJ	-	2017-01-17	08:29:38	-	-	10.120.8.101	-	80	50	136.0	841	http	-	http://www.vacature.com/vacstudio/push/blanc.gif	VCache	304	
19 feb 2017 23:09 ERROR SessionParser:120 - Cannot parse logline: 10.120.230.78	DOM1/HKJ	-	2017-01-17	08:29:38	-	-	10.120.8.101	-	80	50	136.0	841	http	-	http://www.vacature.com/vacstudio/push/blanc.gif	VCache	304	
19 feb 2017 23:12 ERROR SessionParser:120 - Cannot parse logline: 10.120.230.78	DOM1/HKJ	-	2017-01-17	08:29:38	-	-	10.120.8.101	-	80	50	136.0	841	http	-	http://www.vacature.com/vacstudio/push/blanc.gif	VCache	304	
19 feb 2017 23:13 ERROR SessionParser:120 - Cannot parse logline: 10.120.230.78	DOM1/HKJ	-	2017-01-17	08:29:38	-	-	10.120.8.101	-	80	50	136.0	841	http	-	http://www.vacature.com/vacstudio/push/blanc.gif	VCache	304	
19 feb 2017 23:15 ERROR SessionParser:120 - Cannot parse logline: 10.120.230.78	DOM1/HKJ	-	2017-01-17	08:29:38	-	-	10.120.8.101	-	80	50	136.0	841	http	-	http://www.vacature.com/vacstudio/push/blanc.gif	VCache	304	
19 feb 2017 23:53 ERROR SessionParser:130 - Cannot parse URL: http://www.google;com/
19 feb 2017 23:59 ERROR SessionParser:134 - Cannot parse URL: http://www.google;com/
20 feb 2017 00:02 ERROR SessionParser:134 - Cannot parse URL: http://www.google;com/
20 feb 2017 00:08 ERROR SessionParser:134 - Cannot parse URL: http://www.google;com/
20 feb 2017 00:09 ERROR SessionParser:135 - Cannot parse URL: http://www.google;com/
20 feb 2017 00:29 ERROR SessionParser:140 - Cannot parse URL: http://www.google;com/
22 feb 2017 22:34 ERROR SessionParser:138 - Cannot parse URL: http://www.google;com/
22 feb 2017 22:43 ERROR SessionParser:138 - Cannot parse URL: http://www.google;com/
22 feb 2017 22:44 ERROR SessionParser:138 - Cannot parse URL: http://www.google;com/
22 feb 2017 23:00 ERROR SessionParser:138 - Cannot parse URL: http://www.google;com/
22 feb 2017 23:00 ERROR SessionParser:138 - Cannot parse URL: http://www.google;com/
22 feb 2017 23:02 ERROR SessionParser:139 - Cannot parse URL: http://www.google;com/
22 feb 2017 23:02 ERROR SessionParser:139 - Cannot parse URL: http://www.google;com/
22 feb 2017 23:03 ERROR SessionParser:112 - ProxyLog_2016-13-05.log - Filename does not contain a valid date (yyyy-MM-dd).
22 feb 2017 23:04 ERROR SessionParser:112 - ProxyLog_2016-13-05.log - Filename does not contain a valid date (yyyy-MM-dd).
22 feb 2017 23:43 ERROR SessionParser:131 - Cannot parse URL: http://www.google;com/
22 feb 2017 23:46 ERROR SessionParser:131 - Cannot parse URL: http://www.google;com/
22 feb 2017 23:46 ERROR SessionParser:131 - Cannot parse URL: http://www.google;com/
22 feb 2017 23:47 ERROR SessionParser:131 - Cannot parse URL: http://www.google;com/
22 feb 2017 23:49 ERROR SessionParser:132 - Cannot parse URL: http://www.google;com/
26 feb 2017 20:21 ERROR SessionParser:132 - Cannot parse URL: http://www.google;com/
26 feb 2017 20:27 ERROR SessionParser:132 - Cannot parse URL: http://www.google;com/
26 feb 2017 20:38 ERROR SessionParser:132 - Cannot parse URL: http://www.google;com/
26 feb 2017 20:46 ERROR SessionParser:133 - Cannot parse URL: http://www.google;com/
26 feb 2017 20:56 ERROR SessionParser:133 - Cannot parse URL: http://www.google;com/
26 feb 2017 20:56 ERROR SessionParser:133 - Cannot parse URL: http://www.google;com/
26 feb 2017 21:00 ERROR SessionParser:133 - Cannot parse URL: http://www.google;com/
26 feb 2017 21:48 ERROR SessionParser:129 - Cannot parse URL: http://www.google;com/
26 feb 2017 22:24 ERROR VisitParser:80 - Localhost_access_log.2017-01-07.txt could not be validated.
26 feb 2017 22:24 ERROR VisitParser:72 - localhost_access_log.2017-01-32.txt - Filename does not contain a valid date (yyyy-MM-dd).
26 feb 2017 22:24 ERROR VisitParser:80 - localhost_access_log.2017-01-07.log could not be validated.
26 feb 2017 22:25 ERROR VisitParser:80 - Localhost_access_log.2017-01-07.txt is not a valid Visit Logfile filename.
26 feb 2017 22:25 ERROR VisitParser:72 - localhost_access_log.2017-01-32.txt - Filename does not contain a valid date (yyyy-MM-dd).
26 feb 2017 22:25 ERROR VisitParser:80 - localhost_access_log.2017-01-07.log is not a valid Visit Logfile filename.
26 feb 2017 22:25 ERROR SessionParser:111 - Proxylog_2016-12-05.log is not a valid Session Logfile filename.
26 feb 2017 22:25 ERROR SessionParser:103 - ProxyLog_2016-13-05.log - Filename does not contain a valid date (yyyy-MM-dd).
26 feb 2017 22:25 ERROR SessionParser:111 - ProxyLog_2016-12-05.txt is not a valid Session Logfile filename.
26 feb 2017 22:27 ERROR SessionParser:111 - Proxylog_2016-12-05.log is not a valid Session Logfile filename.
26 feb 2017 22:27 ERROR SessionParser:103 - ProxyLog_2016-13-05.log - Filename does not contain a valid date (yyyy-MM-dd).
26 feb 2017 22:27 ERROR SessionParser:111 - ProxyLog_2016-12-05.txt is not a valid Session Logfile filename.
26 feb 2017 22:27 ERROR VisitParser:80 - Localhost_access_log.2017-01-07.txt is not a valid Visit Logfile filename.
26 feb 2017 22:27 ERROR VisitParser:72 - localhost_access_log.2017-01-32.txt - Filename does not contain a valid date (yyyy-MM-dd).
26 feb 2017 22:27 ERROR VisitParser:80 - localhost_access_log.2017-01-07.log is not a valid Visit Logfile filename.
26 feb 2017 22:27 ERROR VisitParser:72 - localhost_access_log.log.2017-01-07.log - Filename does not contain a valid date (yyyy-MM-dd).
26 feb 2017 22:29 ERROR VisitParser:80 - Localhost_access_log.2017-01-07.txt is not a valid Visit Logfile filename.
26 feb 2017 22:29 ERROR VisitParser:72 - localhost_access_log.2017-01-32.txt - Filename does not contain a valid date (yyyy-MM-dd).
26 feb 2017 22:29 ERROR VisitParser:72 - localhost_access_log.2017 01 07.txt - Filename does not contain a valid date (yyyy-MM-dd).
26 feb 2017 22:29 ERROR VisitParser:80 - localhost_access_log.2017-01-07.log is not a valid Visit Logfile filename.
26 feb 2017 22:29 ERROR VisitParser:72 - localhost_access_log.log.2017-01-07.log - Filename does not contain a valid date (yyyy-MM-dd).
02 mrt 2017 21:51 ERROR VisitParser:87 - Cannot parse logline: 10.120.230.53 - - [06/Dec/2016:07:22:29 1000] "GET /ELO/tiles-config_1_1.dtd HTTP/1.1" 200 12111
02 mrt 2017 21:55 ERROR VisitParser:44 - Unable to read localhost_access_log.2017-12-06.txt
java.io.FileNotFoundException: D:\Documents\2 Graduaat Informatica\3e jaar\B1 Programmeren 3\Eindwerk\input\localhost_access_log.2017-12-06.txt (The system cannot find the file specified)
	at java.io.FileInputStream.open0(Native Method)
	at java.io.FileInputStream.open(FileInputStream.java:195)
	at java.io.FileInputStream.<init>(FileInputStream.java:138)
	at java.io.FileReader.<init>(FileReader.java:72)
	at main.test.eindwerk.business.VisitParser.parseLogFile(VisitParser.java:41)
	at VisitParserTest.testParseLogFile(VisitParserTest.java:44)
	at sun.reflect.NativeMethodAccessorImpl.invoke0(Native Method)
	at sun.reflect.NativeMethodAccessorImpl.invoke(NativeMethodAccessorImpl.java:62)
	at sun.reflect.DelegatingMethodAccessorImpl.invoke(DelegatingMethodAccessorImpl.java:43)
	at java.lang.reflect.Method.invoke(Method.java:498)
	at org.junit.runners.model.FrameworkMethod$1.runReflectiveCall(FrameworkMethod.java:50)
	at org.junit.internal.runners.model.ReflectiveCallable.run(ReflectiveCallable.java:12)
	at org.junit.runners.model.FrameworkMethod.invokeExplosively(FrameworkMethod.java:47)
	at org.junit.internal.runners.statements.InvokeMethod.evaluate(InvokeMethod.java:17)
	at org.junit.internal.runners.statements.RunBefores.evaluate(RunBefores.java:26)
	at org.junit.runners.ParentRunner.runLeaf(ParentRunner.java:325)
	at org.junit.runners.BlockJUnit4ClassRunner.runChild(BlockJUnit4ClassRunner.java:78)
	at org.junit.runners.BlockJUnit4ClassRunner.runChild(BlockJUnit4ClassRunner.java:57)
	at org.junit.runners.ParentRunner$3.run(ParentRunner.java:290)
	at org.junit.runners.ParentRunner$1.schedule(ParentRunner.java:71)
	at org.junit.runners.ParentRunner.runChildren(ParentRunner.java:288)
	at org.junit.runners.ParentRunner.access$000(ParentRunner.java:58)
	at org.junit.runners.ParentRunner$2.evaluate(ParentRunner.java:268)
	at org.junit.runners.ParentRunner.run(ParentRunner.java:363)
	at org.junit.runner.JUnitCore.run(JUnitCore.java:137)
	at com.intellij.junit4.JUnit4IdeaTestRunner.startRunnerWithArgs(JUnit4IdeaTestRunner.java:68)
	at com.intellij.rt.execution.junit.IdeaTestRunner$Repeater.startRunnerWithArgs(IdeaTestRunner.java:51)
	at com.intellij.rt.execution.junit.JUnitStarter.prepareStreamsAndStart(JUnitStarter.java:237)
	at com.intellij.rt.execution.junit.JUnitStarter.main(JUnitStarter.java:70)
	at sun.reflect.NativeMethodAccessorImpl.invoke0(Native Method)
	at sun.reflect.NativeMethodAccessorImpl.invoke(NativeMethodAccessorImpl.java:62)
	at sun.reflect.DelegatingMethodAccessorImpl.invoke(DelegatingMethodAccessorImpl.java:43)
	at java.lang.reflect.Method.invoke(Method.java:498)
	at com.intellij.rt.execution.application.AppMain.main(AppMain.java:147)
02 mrt 2017 21:58 ERROR VisitParser:79 - Localhost_access_log.2017-01-07.txt is not a valid Visit Logfile filename.
02 mrt 2017 21:58 ERROR VisitParser:71 - localhost_access_log.2017-01-32.txt - Filename does not contain a valid date (yyyy-MM-dd).
02 mrt 2017 21:58 ERROR VisitParser:71 - localhost_access_log.2017 01 07.txt - Filename does not contain a valid date (yyyy-MM-dd).
02 mrt 2017 21:58 ERROR VisitParser:79 - localhost_access_log.2017-01-07.log is not a valid Visit Logfile filename.
02 mrt 2017 21:58 ERROR VisitParser:71 - localhost_access_log.log.2017-01-07.txt - Filename does not contain a valid date (yyyy-MM-dd).
02 mrt 2017 22:05 ERROR VisitParser:105 - Cannot parse logline: 10.120.10.172 - - [06/Dec/2016:07:33:18 1000] "GET /ELO/index.jsp HTTP/1.1" 302 -
02 mrt 2017 22:23 ERROR VisitParser:105 - Cannot parse logline: 10.1.1.77 - - [06/Dec/2016:07:22:30 1000] "GET /ELO/Language.do?language=Nl HTTP/1.0" 200 9584
02 mrt 2017 22:24 ERROR VisitParser:105 - Cannot parse logline: 10.120.230.53 - - [06/Dec/2016:07:22:29 1000] "GET /ELO/tiles-config_1_1.dtd HTTP/1.1" 200 12111
02 mrt 2017 22:24 ERROR VisitParser:105 - Cannot parse logline: 10.120.230.53 - - [06/Dec/2016:07:22:29 1000] "GET /ELO/tiles-config_1_1.dtd HTTP/1.1" 200 12111
02 mrt 2017 22:29 ERROR VisitParser:105 - Cannot parse logline: 10.120.10.172 - - [06/Dec/2016:07:33:18 1000] "GET /ELO/ HTTP/1.1" 302 647
02 mrt 2017 22:30 ERROR VisitParser:105 - Cannot parse logline: 10.120.230.53 - - [06/Dec/2016:07:22:29 1000] "GET /ELO/tiles-config_1_1.dtd HTTP/1.1" 200 12111
